SCHEDULER LOG:


SWITCH LIST:
  Switch name: switch0
    Max packet size: 0.0
    Port speed: 125.0
    Time to Travel: 1.0
    Transmission time: 0.0

  Switch name: switch1
    Max packet size: 0.0
    Port speed: 125.0
    Time to Travel: 1.0
    Transmission time: 0.0

  Switch name: switch2
    Max packet size: 0.0
    Port speed: 125.0
    Time to Travel: 1.0
    Transmission time: 0.0

  Switch name: switch3
    Max packet size: 0.0
    Port speed: 125.0
    Time to Travel: 1.0
    Transmission time: 0.0

  Switch name: switch4
    Max packet size: 0.0
    Port speed: 125.0
    Time to Travel: 1.0
    Transmission time: 0.0

  Switch name: switch5
    Max packet size: 0.0
    Port speed: 125.0
    Time to Travel: 1.0
    Transmission time: 0.0

  Switch name: switch6
    Max packet size: 0.0
    Port speed: 125.0
    Time to Travel: 1.0
    Transmission time: 0.0

  Switch name: switch7
    Max packet size: 0.0
    Port speed: 125.0
    Time to Travel: 1.0
    Transmission time: 0.0

  Switch name: switch8
    Max packet size: 0.0
    Port speed: 125.0
    Time to Travel: 1.0
    Transmission time: 0.0

  Switch name: switch9
    Max packet size: 0.0
    Port speed: 125.0
    Time to Travel: 1.0
    Transmission time: 0.0


FLOW LIST:
  Flow name: flow0
    Start first t1: 956641/500
    Start HC: 1000.0
    Start packet periodicity: 2000
    Flow type: Multicast
    List of leaves: 
dev0, 
dev1, 
dev2, 
dev35, 
dev36, 
dev37, 
dev20, 
dev21, 
dev22, 

    Path to dev0: 
dev16, 
switch3(flow0Fragment1), 
switch9(flow0Fragment4), 
switch0(flow0Fragment5), 
dev0, 

    Path to dev1: 
dev16, 
switch3(flow0Fragment1), 
switch9(flow0Fragment4), 
switch0(flow0Fragment6), 
dev1, 

    Path to dev2: 
dev16, 
switch3(flow0Fragment1), 
switch9(flow0Fragment4), 
switch0(flow0Fragment7), 
dev2, 

    Path to dev35: 
dev16, 
switch3(flow0Fragment2), 
switch7(flow0Fragment8), 
dev35, 

    Path to dev36: 
dev16, 
switch3(flow0Fragment2), 
switch7(flow0Fragment9), 
dev36, 

    Path to dev37: 
dev16, 
switch3(flow0Fragment2), 
switch7(flow0Fragment10), 
dev37, 

    Path to dev20: 
dev16, 
switch3(flow0Fragment3), 
switch4(flow0Fragment11), 
dev20, 

    Path to dev21: 
dev16, 
switch3(flow0Fragment3), 
switch4(flow0Fragment12), 
dev21, 

    Path to dev22: 
dev16, 
switch3(flow0Fragment3), 
switch4(flow0Fragment13), 
dev22, 


    Fragment name: flow0Fragment1
        Fragment node: switch3
        Fragment next hop: switch9
        Fragment priority: 7
        Fragment slot start 0: 1914.28 ; 47857/25
        Fragment slot duration 0 : 13.002 ; 6501/500
        Fragment times-
          (0) Fragment departure time: 1913.282
          (0) Fragment arrival time: 1914.282
          (0) Fragment scheduled time: 1927.282
          ----------------------------
    Fragment name: flow0Fragment2
        Fragment node: switch3
        Fragment next hop: switch7
        Fragment priority: 1
        Fragment slot start 0: 1971.19 ; 197119/100
        Fragment slot duration 0 : 13.0 ; 13
        Fragment times-
          (0) Fragment departure time: 1913.282
          (0) Fragment arrival time: 1914.282
          (0) Fragment scheduled time: 1984.19
          ----------------------------
    Fragment name: flow0Fragment3
        Fragment node: switch3
        Fragment next hop: switch4
        Fragment priority: 0
        Fragment slot start 0: 1914.28 ; 47857/25
        Fragment slot duration 0 : 13.002 ; 6501/500
        Fragment times-
          (0) Fragment departure time: 1913.282
          (0) Fragment arrival time: 1914.282
          (0) Fragment scheduled time: 1927.282
          ----------------------------
    Fragment name: flow0Fragment4
        Fragment node: switch9
        Fragment next hop: switch0
        Fragment priority: 1
        Fragment slot start 0: 1915.184 ; 239398/125
        Fragment slot duration 0 : 50.0 ; 50
        Fragment times-
          (0) Fragment departure time: 1927.282
          (0) Fragment arrival time: 1928.282
          (0) Fragment scheduled time: 1941.282
          ----------------------------
    Fragment name: flow0Fragment5
        Fragment node: switch0
        Fragment next hop: dev0
        Fragment priority: 1
        Fragment slot start 0: 1959.902 ; 979951/500
        Fragment slot duration 0 : 40.098 ; 20049/500
        Fragment times-
          (0) Fragment departure time: 1941.282
          (0) Fragment arrival time: 1942.282
          (0) Fragment scheduled time: 1972.902
          ----------------------------
    Fragment name: flow0Fragment6
        Fragment node: switch0
        Fragment next hop: dev1
        Fragment priority: 6
        Fragment slot start 0: 1986.008 ; 248251/125
        Fragment slot duration 0 : 13.0 ; 13
        Fragment times-
          (0) Fragment departure time: 1941.282
          (0) Fragment arrival time: 1942.282
          (0) Fragment scheduled time: 1999.008
          ----------------------------
    Fragment name: flow0Fragment7
        Fragment node: switch0
        Fragment next hop: dev2
        Fragment priority: 1
        Fragment slot start 0: 1959.984 ; 244998/125
        Fragment slot duration 0 : 13.0 ; 13
        Fragment times-
          (0) Fragment departure time: 1941.282
          (0) Fragment arrival time: 1942.282
          (0) Fragment scheduled time: 1972.984
          ----------------------------
    Fragment name: flow0Fragment8
        Fragment node: switch7
        Fragment next hop: dev35
        Fragment priority: 0
        Fragment slot start 0: 1948.19 ; 194819/100
        Fragment slot duration 0 : 50.0 ; 50
        Fragment times-
          (0) Fragment departure time: 1984.19
          (0) Fragment arrival time: 1985.19
          (0) Fragment scheduled time: 1998.19
          ----------------------------
    Fragment name: flow0Fragment9
        Fragment node: switch7
        Fragment next hop: dev36
        Fragment priority: 7
        Fragment slot start 0: 1985.188 ; 496297/250
        Fragment slot duration 0 : 13.002 ; 6501/500
        Fragment times-
          (0) Fragment departure time: 1984.19
          (0) Fragment arrival time: 1985.19
          (0) Fragment scheduled time: 1998.19
          ----------------------------
    Fragment name: flow0Fragment10
        Fragment node: switch7
        Fragment next hop: dev37
        Fragment priority: 1
        Fragment slot start 0: 1972.092 ; 493023/250
        Fragment slot duration 0 : 26.098 ; 13049/500
        Fragment times-
          (0) Fragment departure time: 1984.19
          (0) Fragment arrival time: 1985.19
          (0) Fragment scheduled time: 1998.19
          ----------------------------
    Fragment name: flow0Fragment11
        Fragment node: switch4
        Fragment next hop: dev20
        Fragment priority: 1
        Fragment slot start 0: 1928.28 ; 48207/25
        Fragment slot duration 0 : 13.002 ; 6501/500
        Fragment times-
          (0) Fragment departure time: 1927.282
          (0) Fragment arrival time: 1928.282
          (0) Fragment scheduled time: 1941.282
          ----------------------------
    Fragment name: flow0Fragment12
        Fragment node: switch4
        Fragment next hop: dev21
        Fragment priority: 3
        Fragment slot start 0: 1928.28 ; 48207/25
        Fragment slot duration 0 : 13.002 ; 6501/500
        Fragment times-
          (0) Fragment departure time: 1927.282
          (0) Fragment arrival time: 1928.282
          (0) Fragment scheduled time: 1941.282
          ----------------------------
    Fragment name: flow0Fragment13
        Fragment node: switch4
        Fragment next hop: dev22
        Fragment priority: 1
        Fragment slot start 0: 1928.28 ; 48207/25
        Fragment slot duration 0 : 13.002 ; 6501/500
        Fragment times-
          (0) Fragment departure time: 1927.282
          (0) Fragment arrival time: 1928.282
          (0) Fragment scheduled time: 1941.282
          ----------------------------

  Flow name: flow1
    Start first t1: 485773/250
    Start HC: 1000.0
    Start packet periodicity: 2000
    Flow type: Multicast
    List of leaves: 
dev25, 
dev26, 
dev27, 
dev35, 
dev36, 
dev37, 
dev10, 
dev11, 
dev12, 

    Path to dev25: 
dev3, 
switch0(flow1Fragment1), 
switch4(flow1Fragment3), 
switch5(flow1Fragment5), 
dev25, 

    Path to dev26: 
dev3, 
switch0(flow1Fragment1), 
switch4(flow1Fragment3), 
switch5(flow1Fragment6), 
dev26, 

    Path to dev27: 
dev3, 
switch0(flow1Fragment1), 
switch4(flow1Fragment3), 
switch5(flow1Fragment7), 
dev27, 

    Path to dev35: 
dev3, 
switch0(flow1Fragment1), 
switch4(flow1Fragment4), 
switch7(flow1Fragment8), 
dev35, 

    Path to dev36: 
dev3, 
switch0(flow1Fragment1), 
switch4(flow1Fragment4), 
switch7(flow1Fragment9), 
dev36, 

    Path to dev37: 
dev3, 
switch0(flow1Fragment1), 
switch4(flow1Fragment4), 
switch7(flow1Fragment10), 
dev37, 

    Path to dev10: 
dev3, 
switch0(flow1Fragment2), 
switch2(flow1Fragment11), 
dev10, 

    Path to dev11: 
dev3, 
switch0(flow1Fragment2), 
switch2(flow1Fragment12), 
dev11, 

    Path to dev12: 
dev3, 
switch0(flow1Fragment2), 
switch2(flow1Fragment13), 
dev12, 


    Fragment name: flow1Fragment1
        Fragment node: switch0
        Fragment next hop: switch4
        Fragment priority: 1
        Fragment slot start 0: 1944.094 ; 972047/500
        Fragment slot duration 0 : 50.0 ; 50
        Fragment times-
          (0) Fragment departure time: 1943.092
          (0) Fragment arrival time: 1944.092
          (0) Fragment scheduled time: 1957.094
          ----------------------------
    Fragment name: flow1Fragment2
        Fragment node: switch0
        Fragment next hop: switch2
        Fragment priority: 2
        Fragment slot start 0: 1944.09 ; 194409/100
        Fragment slot duration 0 : 13.002 ; 6501/500
        Fragment times-
          (0) Fragment departure time: 1943.092
          (0) Fragment arrival time: 1944.092
          (0) Fragment scheduled time: 1957.092
          ----------------------------
    Fragment name: flow1Fragment3
        Fragment node: switch4
        Fragment next hop: switch5
        Fragment priority: 6
        Fragment slot start 0: 1958.092 ; 489523/250
        Fragment slot duration 0 : 13.002 ; 6501/500
        Fragment times-
          (0) Fragment departure time: 1957.094
          (0) Fragment arrival time: 1958.094
          (0) Fragment scheduled time: 1971.094
          ----------------------------
    Fragment name: flow1Fragment4
        Fragment node: switch4
        Fragment next hop: switch7
        Fragment priority: 1
        Fragment slot start 0: 1921.094 ; 960547/500
        Fragment slot duration 0 : 50.0 ; 50
        Fragment times-
          (0) Fragment departure time: 1957.094
          (0) Fragment arrival time: 1958.094
          (0) Fragment scheduled time: 1971.094
          ----------------------------
    Fragment name: flow1Fragment5
        Fragment node: switch5
        Fragment next hop: dev25
        Fragment priority: 1
        Fragment slot start 0: 1935.094 ; 967547/500
        Fragment slot duration 0 : 50.0 ; 50
        Fragment times-
          (0) Fragment departure time: 1971.094
          (0) Fragment arrival time: 1972.094
          (0) Fragment scheduled time: 1985.094
          ----------------------------
    Fragment name: flow1Fragment6
        Fragment node: switch5
        Fragment next hop: dev26
        Fragment priority: 0
        Fragment slot start 0: 1972.092 ; 493023/250
        Fragment slot duration 0 : 13.002 ; 6501/500
        Fragment times-
          (0) Fragment departure time: 1971.094
          (0) Fragment arrival time: 1972.094
          (0) Fragment scheduled time: 1985.094
          ----------------------------
    Fragment name: flow1Fragment7
        Fragment node: switch5
        Fragment next hop: dev27
        Fragment priority: 1
        Fragment slot start 0: 1935.094 ; 967547/500
        Fragment slot duration 0 : 50.0 ; 50
        Fragment times-
          (0) Fragment departure time: 1971.094
          (0) Fragment arrival time: 1972.094
          (0) Fragment scheduled time: 1985.094
          ----------------------------
    Fragment name: flow1Fragment8
        Fragment node: switch7
        Fragment next hop: dev35
        Fragment priority: 0
        Fragment slot start 0: 1948.19 ; 194819/100
        Fragment slot duration 0 : 50.0 ; 50
        Fragment times-
          (0) Fragment departure time: 1971.094
          (0) Fragment arrival time: 1972.094
          (0) Fragment scheduled time: 1985.094
          ----------------------------
    Fragment name: flow1Fragment9
        Fragment node: switch7
        Fragment next hop: dev36
        Fragment priority: 1
        Fragment slot start 0: 1972.092 ; 493023/250
        Fragment slot duration 0 : 13.088 ; 1636/125
        Fragment times-
          (0) Fragment departure time: 1971.094
          (0) Fragment arrival time: 1972.094
          (0) Fragment scheduled time: 1985.094
          ----------------------------
    Fragment name: flow1Fragment10
        Fragment node: switch7
        Fragment next hop: dev37
        Fragment priority: 1
        Fragment slot start 0: 1972.092 ; 493023/250
        Fragment slot duration 0 : 26.098 ; 13049/500
        Fragment times-
          (0) Fragment departure time: 1971.094
          (0) Fragment arrival time: 1972.094
          (0) Fragment scheduled time: 1985.094
          ----------------------------
    Fragment name: flow1Fragment11
        Fragment node: switch2
        Fragment next hop: dev10
        Fragment priority: 1
        Fragment slot start 0: 1958.09 ; 195809/100
        Fragment slot duration 0 : 26.098 ; 13049/500
        Fragment times-
          (0) Fragment departure time: 1957.092
          (0) Fragment arrival time: 1958.092
          (0) Fragment scheduled time: 1971.092
          ----------------------------
    Fragment name: flow1Fragment12
        Fragment node: switch2
        Fragment next hop: dev11
        Fragment priority: 1
        Fragment slot start 0: 1958.09 ; 195809/100
        Fragment slot duration 0 : 41.878 ; 20939/500
        Fragment times-
          (0) Fragment departure time: 1957.092
          (0) Fragment arrival time: 1958.092
          (0) Fragment scheduled time: 1971.092
          ----------------------------
    Fragment name: flow1Fragment13
        Fragment node: switch2
        Fragment next hop: dev12
        Fragment priority: 1
        Fragment slot start 0: 1986.982 ; 993491/500
        Fragment slot duration 0 : 13.0 ; 13
        Fragment times-
          (0) Fragment departure time: 1957.092
          (0) Fragment arrival time: 1958.092
          (0) Fragment scheduled time: 1999.982
          ----------------------------

  Flow name: flow2
    Start first t1: 13
    Start HC: 1000.0
    Start packet periodicity: 2000
    Flow type: Multicast
    List of leaves: 
dev15, 
dev16, 
dev17, 
dev18, 
dev19, 
dev30, 
dev31, 
dev32, 
dev33, 
dev34, 

    Path to dev15: 
dev42, 
switch8(flow2Fragment1), 
switch2(flow2Fragment3), 
switch3(flow2Fragment4), 
dev15, 

    Path to dev16: 
dev42, 
switch8(flow2Fragment1), 
switch2(flow2Fragment3), 
switch3(flow2Fragment5), 
dev16, 

    Path to dev17: 
dev42, 
switch8(flow2Fragment1), 
switch2(flow2Fragment3), 
switch3(flow2Fragment6), 
dev17, 

    Path to dev18: 
dev42, 
switch8(flow2Fragment1), 
switch2(flow2Fragment3), 
switch3(flow2Fragment7), 
dev18, 

    Path to dev19: 
dev42, 
switch8(flow2Fragment1), 
switch2(flow2Fragment3), 
switch3(flow2Fragment8), 
dev19, 

    Path to dev30: 
dev42, 
switch8(flow2Fragment2), 
switch1(flow2Fragment9), 
switch6(flow2Fragment10), 
dev30, 

    Path to dev31: 
dev42, 
switch8(flow2Fragment2), 
switch1(flow2Fragment9), 
switch6(flow2Fragment11), 
dev31, 

    Path to dev32: 
dev42, 
switch8(flow2Fragment2), 
switch1(flow2Fragment9), 
switch6(flow2Fragment12), 
dev32, 

    Path to dev33: 
dev42, 
switch8(flow2Fragment2), 
switch1(flow2Fragment9), 
switch6(flow2Fragment13), 
dev33, 

    Path to dev34: 
dev42, 
switch8(flow2Fragment2), 
switch1(flow2Fragment9), 
switch6(flow2Fragment14), 
dev34, 


    Fragment name: flow2Fragment1
        Fragment node: switch8
        Fragment next hop: switch2
        Fragment priority: 1
        Fragment slot start 0: 13.998 ; 6999/500
        Fragment slot duration 0 : 13.002 ; 6501/500
        Fragment times-
          (0) Fragment departure time: 13.0
          (0) Fragment arrival time: 14.0
          (0) Fragment scheduled time: 27.0
          ----------------------------
    Fragment name: flow2Fragment2
        Fragment node: switch8
        Fragment next hop: switch1
        Fragment priority: 0
        Fragment slot start 0: 13.998 ; 6999/500
        Fragment slot duration 0 : 13.002 ; 6501/500
        Fragment times-
          (0) Fragment departure time: 13.0
          (0) Fragment arrival time: 14.0
          (0) Fragment scheduled time: 27.0
          ----------------------------
    Fragment name: flow2Fragment3
        Fragment node: switch2
        Fragment next hop: switch3
        Fragment priority: 1
        Fragment slot start 0: 27.998 ; 13999/500
        Fragment slot duration 0 : 13.002 ; 6501/500
        Fragment times-
          (0) Fragment departure time: 27.0
          (0) Fragment arrival time: 28.0
          (0) Fragment scheduled time: 41.0
          ----------------------------
    Fragment name: flow2Fragment4
        Fragment node: switch3
        Fragment next hop: dev15
        Fragment priority: 1
        Fragment slot start 0: 42.002 ; 21001/500
        Fragment slot duration 0 : 13.0 ; 13
        Fragment times-
          (0) Fragment departure time: 41.0
          (0) Fragment arrival time: 42.0
          (0) Fragment scheduled time: 55.002
          ----------------------------
    Fragment name: flow2Fragment5
        Fragment node: switch3
        Fragment next hop: dev16
        Fragment priority: 1
        Fragment slot start 0: 41.998 ; 20999/500
        Fragment slot duration 0 : 13.002 ; 6501/500
        Fragment times-
          (0) Fragment departure time: 41.0
          (0) Fragment arrival time: 42.0
          (0) Fragment scheduled time: 55.0
          ----------------------------
    Fragment name: flow2Fragment6
        Fragment node: switch3
        Fragment next hop: dev17
        Fragment priority: 7
        Fragment slot start 0: 41.998 ; 20999/500
        Fragment slot duration 0 : 13.002 ; 6501/500
        Fragment times-
          (0) Fragment departure time: 41.0
          (0) Fragment arrival time: 42.0
          (0) Fragment scheduled time: 55.0
          ----------------------------
    Fragment name: flow2Fragment7
        Fragment node: switch3
        Fragment next hop: dev18
        Fragment priority: 1
        Fragment slot start 0: 41.998 ; 20999/500
        Fragment slot duration 0 : 13.002 ; 6501/500
        Fragment times-
          (0) Fragment departure time: 41.0
          (0) Fragment arrival time: 42.0
          (0) Fragment scheduled time: 55.0
          ----------------------------
    Fragment name: flow2Fragment8
        Fragment node: switch3
        Fragment next hop: dev19
        Fragment priority: 1
        Fragment slot start 0: 42.002 ; 21001/500
        Fragment slot duration 0 : 50.0 ; 50
        Fragment times-
          (0) Fragment departure time: 41.0
          (0) Fragment arrival time: 42.0
          (0) Fragment scheduled time: 55.002
          ----------------------------
    Fragment name: flow2Fragment9
        Fragment node: switch1
        Fragment next hop: switch6
        Fragment priority: 1
        Fragment slot start 0: 28.002 ; 14001/500
        Fragment slot duration 0 : 13.0 ; 13
        Fragment times-
          (0) Fragment departure time: 27.0
          (0) Fragment arrival time: 28.0
          (0) Fragment scheduled time: 41.002
          ----------------------------
    Fragment name: flow2Fragment10
        Fragment node: switch6
        Fragment next hop: dev30
        Fragment priority: 1
        Fragment slot start 0: 42.0 ; 42
        Fragment slot duration 0 : 13.002 ; 6501/500
        Fragment times-
          (0) Fragment departure time: 41.002
          (0) Fragment arrival time: 42.002
          (0) Fragment scheduled time: 55.002
          ----------------------------
    Fragment name: flow2Fragment11
        Fragment node: switch6
        Fragment next hop: dev31
        Fragment priority: 1
        Fragment slot start 0: 42.0 ; 42
        Fragment slot duration 0 : 13.002 ; 6501/500
        Fragment times-
          (0) Fragment departure time: 41.002
          (0) Fragment arrival time: 42.002
          (0) Fragment scheduled time: 55.002
          ----------------------------
    Fragment name: flow2Fragment12
        Fragment node: switch6
        Fragment next hop: dev32
        Fragment priority: 1
        Fragment slot start 0: 42.0 ; 42
        Fragment slot duration 0 : 13.002 ; 6501/500
        Fragment times-
          (0) Fragment departure time: 41.002
          (0) Fragment arrival time: 42.002
          (0) Fragment scheduled time: 55.002
          ----------------------------
    Fragment name: flow2Fragment13
        Fragment node: switch6
        Fragment next hop: dev33
        Fragment priority: 1
        Fragment slot start 0: 42.0 ; 42
        Fragment slot duration 0 : 13.002 ; 6501/500
        Fragment times-
          (0) Fragment departure time: 41.002
          (0) Fragment arrival time: 42.002
          (0) Fragment scheduled time: 55.002
          ----------------------------
    Fragment name: flow2Fragment14
        Fragment node: switch6
        Fragment next hop: dev34
        Fragment priority: 1
        Fragment slot start 0: 42.0 ; 42
        Fragment slot duration 0 : 13.002 ; 6501/500
        Fragment times-
          (0) Fragment departure time: 41.002
          (0) Fragment arrival time: 42.002
          (0) Fragment scheduled time: 55.002
          ----------------------------

  Flow name: flow3
    Start first t1: 971999/500
    Start HC: 1000.0
    Start packet periodicity: 2000
    Flow type: Multicast
    List of leaves: 
dev45, 
dev46, 
dev47, 
dev48, 
dev49, 
dev0, 
dev1, 
dev2, 
dev3, 
dev4, 

    Path to dev45: 
dev22, 
switch4(flow3Fragment1), 
switch7(flow3Fragment2), 
switch8(flow3Fragment4), 
switch9(flow3Fragment5), 
dev45, 

    Path to dev46: 
dev22, 
switch4(flow3Fragment1), 
switch7(flow3Fragment2), 
switch8(flow3Fragment4), 
switch9(flow3Fragment6), 
dev46, 

    Path to dev47: 
dev22, 
switch4(flow3Fragment1), 
switch7(flow3Fragment2), 
switch8(flow3Fragment4), 
switch9(flow3Fragment7), 
dev47, 

    Path to dev48: 
dev22, 
switch4(flow3Fragment1), 
switch7(flow3Fragment2), 
switch8(flow3Fragment4), 
switch9(flow3Fragment8), 
dev48, 

    Path to dev49: 
dev22, 
switch4(flow3Fragment1), 
switch7(flow3Fragment2), 
switch8(flow3Fragment4), 
switch9(flow3Fragment9), 
dev49, 

    Path to dev0: 
dev22, 
switch4(flow3Fragment1), 
switch7(flow3Fragment3), 
switch0(flow3Fragment10), 
dev0, 

    Path to dev1: 
dev22, 
switch4(flow3Fragment1), 
switch7(flow3Fragment3), 
switch0(flow3Fragment11), 
dev1, 

    Path to dev2: 
dev22, 
switch4(flow3Fragment1), 
switch7(flow3Fragment3), 
switch0(flow3Fragment12), 
dev2, 

    Path to dev3: 
dev22, 
switch4(flow3Fragment1), 
switch7(flow3Fragment3), 
switch0(flow3Fragment13), 
dev3, 

    Path to dev4: 
dev22, 
switch4(flow3Fragment1), 
switch7(flow3Fragment3), 
switch0(flow3Fragment14), 
dev4, 


    Fragment name: flow3Fragment1
        Fragment node: switch4
        Fragment next hop: switch7
        Fragment priority: 1
        Fragment slot start 0: 1921.094 ; 960547/500
        Fragment slot duration 0 : 50.0 ; 50
        Fragment times-
          (0) Fragment departure time: 1943.998
          (0) Fragment arrival time: 1944.998
          (0) Fragment scheduled time: 1957.998
          ----------------------------
    Fragment name: flow3Fragment2
        Fragment node: switch7
        Fragment next hop: switch8
        Fragment priority: 1
        Fragment slot start 0: 1921.998 ; 960999/500
        Fragment slot duration 0 : 50.0 ; 50
        Fragment times-
          (0) Fragment departure time: 1957.998
          (0) Fragment arrival time: 1958.998
          (0) Fragment scheduled time: 1971.998
          ----------------------------
    Fragment name: flow3Fragment3
        Fragment node: switch7
        Fragment next hop: switch0
        Fragment priority: 0
        Fragment slot start 0: 1921.998 ; 960999/500
        Fragment slot duration 0 : 50.0 ; 50
        Fragment times-
          (0) Fragment departure time: 1957.998
          (0) Fragment arrival time: 1958.998
          (0) Fragment scheduled time: 1971.998
          ----------------------------
    Fragment name: flow3Fragment4
        Fragment node: switch8
        Fragment next hop: switch9
        Fragment priority: 6
        Fragment slot start 0: 1935.998 ; 967999/500
        Fragment slot duration 0 : 50.0 ; 50
        Fragment times-
          (0) Fragment departure time: 1971.998
          (0) Fragment arrival time: 1972.998
          (0) Fragment scheduled time: 1985.998
          ----------------------------
    Fragment name: flow3Fragment5
        Fragment node: switch9
        Fragment next hop: dev45
        Fragment priority: 1
        Fragment slot start 0: 1986.996 ; 496749/250
        Fragment slot duration 0 : 13.004 ; 3251/250
        Fragment times-
          (0) Fragment departure time: 1985.998
          (0) Fragment arrival time: 1986.998
          (0) Fragment scheduled time: 1999.998
          ----------------------------
    Fragment name: flow3Fragment6
        Fragment node: switch9
        Fragment next hop: dev46
        Fragment priority: 1
        Fragment slot start 0: 1986.996 ; 496749/250
        Fragment slot duration 0 : 13.004 ; 3251/250
        Fragment times-
          (0) Fragment departure time: 1985.998
          (0) Fragment arrival time: 1986.998
          (0) Fragment scheduled time: 1999.998
          ----------------------------
    Fragment name: flow3Fragment7
        Fragment node: switch9
        Fragment next hop: dev47
        Fragment priority: 1
        Fragment slot start 0: 1986.996 ; 496749/250
        Fragment slot duration 0 : 13.004 ; 3251/250
        Fragment times-
          (0) Fragment departure time: 1985.998
          (0) Fragment arrival time: 1986.998
          (0) Fragment scheduled time: 1999.998
          ----------------------------
    Fragment name: flow3Fragment8
        Fragment node: switch9
        Fragment next hop: dev48
        Fragment priority: 1
        Fragment slot start 0: 1986.996 ; 496749/250
        Fragment slot duration 0 : 13.004 ; 3251/250
        Fragment times-
          (0) Fragment departure time: 1985.998
          (0) Fragment arrival time: 1986.998
          (0) Fragment scheduled time: 1999.998
          ----------------------------
    Fragment name: flow3Fragment9
        Fragment node: switch9
        Fragment next hop: dev49
        Fragment priority: 1
        Fragment slot start 0: 1987.0 ; 1987
        Fragment slot duration 0 : 13.0 ; 13
        Fragment times-
          (0) Fragment departure time: 1985.998
          (0) Fragment arrival time: 1986.998
          (0) Fragment scheduled time: 2000.0
          ----------------------------
    Fragment name: flow3Fragment10
        Fragment node: switch0
        Fragment next hop: dev0
        Fragment priority: 1
        Fragment slot start 0: 1959.902 ; 979951/500
        Fragment slot duration 0 : 40.098 ; 20049/500
        Fragment times-
          (0) Fragment departure time: 1971.998
          (0) Fragment arrival time: 1972.998
          (0) Fragment scheduled time: 1985.998
          ----------------------------
    Fragment name: flow3Fragment11
        Fragment node: switch0
        Fragment next hop: dev1
        Fragment priority: 1
        Fragment slot start 0: 1973.0 ; 1973
        Fragment slot duration 0 : 13.0 ; 13
        Fragment times-
          (0) Fragment departure time: 1971.998
          (0) Fragment arrival time: 1972.998
          (0) Fragment scheduled time: 1986.0
          ----------------------------
    Fragment name: flow3Fragment12
        Fragment node: switch0
        Fragment next hop: dev2
        Fragment priority: 4
        Fragment slot start 0: 1973.0 ; 1973
        Fragment slot duration 0 : 13.0 ; 13
        Fragment times-
          (0) Fragment departure time: 1971.998
          (0) Fragment arrival time: 1972.998
          (0) Fragment scheduled time: 1986.0
          ----------------------------
    Fragment name: flow3Fragment13
        Fragment node: switch0
        Fragment next hop: dev3
        Fragment priority: 2
        Fragment slot start 0: 1973.0 ; 1973
        Fragment slot duration 0 : 13.0 ; 13
        Fragment times-
          (0) Fragment departure time: 1971.998
          (0) Fragment arrival time: 1972.998
          (0) Fragment scheduled time: 1986.0
          ----------------------------
    Fragment name: flow3Fragment14
        Fragment node: switch0
        Fragment next hop: dev4
        Fragment priority: 2
        Fragment slot start 0: 1973.0 ; 1973
        Fragment slot duration 0 : 13.0 ; 13
        Fragment times-
          (0) Fragment departure time: 1971.998
          (0) Fragment arrival time: 1972.998
          (0) Fragment scheduled time: 1986.0
          ----------------------------

  Flow name: flow4
    Start first t1: 957093/500
    Start HC: 1000.0
    Start packet periodicity: 2000
    Flow type: Multicast
    List of leaves: 
dev10, 
dev11, 
dev12, 
dev13, 
dev14, 

    Path to dev10: 
dev47, 
switch9(flow4Fragment1), 
switch0(flow4Fragment2), 
switch5(flow4Fragment3), 
switch7(flow4Fragment4), 
switch2(flow4Fragment5), 
dev10, 

    Path to dev11: 
dev47, 
switch9(flow4Fragment1), 
switch0(flow4Fragment2), 
switch5(flow4Fragment3), 
switch7(flow4Fragment4), 
switch2(flow4Fragment6), 
dev11, 

    Path to dev12: 
dev47, 
switch9(flow4Fragment1), 
switch0(flow4Fragment2), 
switch5(flow4Fragment3), 
switch7(flow4Fragment4), 
switch2(flow4Fragment7), 
dev12, 

    Path to dev13: 
dev47, 
switch9(flow4Fragment1), 
switch0(flow4Fragment2), 
switch5(flow4Fragment3), 
switch7(flow4Fragment4), 
switch2(flow4Fragment8), 
dev13, 

    Path to dev14: 
dev47, 
switch9(flow4Fragment1), 
switch0(flow4Fragment2), 
switch5(flow4Fragment3), 
switch7(flow4Fragment4), 
switch2(flow4Fragment9), 
dev14, 


    Fragment name: flow4Fragment1
        Fragment node: switch9
        Fragment next hop: switch0
        Fragment priority: 1
        Fragment slot start 0: 1915.184 ; 239398/125
        Fragment slot duration 0 : 50.0 ; 50
        Fragment times-
          (0) Fragment departure time: 1914.186
          (0) Fragment arrival time: 1915.186
          (0) Fragment scheduled time: 1928.186
          ----------------------------
    Fragment name: flow4Fragment2
        Fragment node: switch0
        Fragment next hop: switch5
        Fragment priority: 1
        Fragment slot start 0: 1929.184 ; 241148/125
        Fragment slot duration 0 : 13.002 ; 6501/500
        Fragment times-
          (0) Fragment departure time: 1928.186
          (0) Fragment arrival time: 1929.186
          (0) Fragment scheduled time: 1942.186
          ----------------------------
    Fragment name: flow4Fragment3
        Fragment node: switch5
        Fragment next hop: switch7
        Fragment priority: 1
        Fragment slot start 0: 1943.184 ; 242898/125
        Fragment slot duration 0 : 13.002 ; 6501/500
        Fragment times-
          (0) Fragment departure time: 1942.186
          (0) Fragment arrival time: 1943.186
          (0) Fragment scheduled time: 1956.186
          ----------------------------
    Fragment name: flow4Fragment4
        Fragment node: switch7
        Fragment next hop: switch2
        Fragment priority: 6
        Fragment slot start 0: 1957.188 ; 489297/250
        Fragment slot duration 0 : 13.0 ; 13
        Fragment times-
          (0) Fragment departure time: 1956.186
          (0) Fragment arrival time: 1957.186
          (0) Fragment scheduled time: 1970.188
          ----------------------------
    Fragment name: flow4Fragment5
        Fragment node: switch2
        Fragment next hop: dev10
        Fragment priority: 1
        Fragment slot start 0: 1958.09 ; 195809/100
        Fragment slot duration 0 : 26.098 ; 13049/500
        Fragment times-
          (0) Fragment departure time: 1970.188
          (0) Fragment arrival time: 1971.188
          (0) Fragment scheduled time: 1984.188
          ----------------------------
    Fragment name: flow4Fragment6
        Fragment node: switch2
        Fragment next hop: dev11
        Fragment priority: 1
        Fragment slot start 0: 1958.09 ; 195809/100
        Fragment slot duration 0 : 41.878 ; 20939/500
        Fragment times-
          (0) Fragment departure time: 1970.188
          (0) Fragment arrival time: 1971.188
          (0) Fragment scheduled time: 1984.188
          ----------------------------
    Fragment name: flow4Fragment7
        Fragment node: switch2
        Fragment next hop: dev12
        Fragment priority: 7
        Fragment slot start 0: 1973.982 ; 986991/500
        Fragment slot duration 0 : 13.0 ; 13
        Fragment times-
          (0) Fragment departure time: 1970.188
          (0) Fragment arrival time: 1971.188
          (0) Fragment scheduled time: 1986.982
          ----------------------------
    Fragment name: flow4Fragment8
        Fragment node: switch2
        Fragment next hop: dev13
        Fragment priority: 1
        Fragment slot start 0: 1971.19 ; 197119/100
        Fragment slot duration 0 : 13.0 ; 13
        Fragment times-
          (0) Fragment departure time: 1970.188
          (0) Fragment arrival time: 1971.188
          (0) Fragment scheduled time: 1984.19
          ----------------------------
    Fragment name: flow4Fragment9
        Fragment node: switch2
        Fragment next hop: dev14
        Fragment priority: 1
        Fragment slot start 0: 1986.976 ; 248372/125
        Fragment slot duration 0 : 13.0 ; 13
        Fragment times-
          (0) Fragment departure time: 1970.188
          (0) Fragment arrival time: 1971.188
          (0) Fragment scheduled time: 1999.976
          ----------------------------

