SCHEDULER LOG:


SWITCH LIST:
  Switch name: switch0
    Max packet size: 0.0
    Port speed: 125.0
    Time to Travel: 1.0
    Transmission time: 0.0

  Switch name: switch1
    Max packet size: 0.0
    Port speed: 125.0
    Time to Travel: 1.0
    Transmission time: 0.0

  Switch name: switch2
    Max packet size: 0.0
    Port speed: 125.0
    Time to Travel: 1.0
    Transmission time: 0.0

  Switch name: switch3
    Max packet size: 0.0
    Port speed: 125.0
    Time to Travel: 1.0
    Transmission time: 0.0

  Switch name: switch4
    Max packet size: 0.0
    Port speed: 125.0
    Time to Travel: 1.0
    Transmission time: 0.0

  Switch name: switch5
    Max packet size: 0.0
    Port speed: 125.0
    Time to Travel: 1.0
    Transmission time: 0.0

  Switch name: switch6
    Max packet size: 0.0
    Port speed: 125.0
    Time to Travel: 1.0
    Transmission time: 0.0

  Switch name: switch7
    Max packet size: 0.0
    Port speed: 125.0
    Time to Travel: 1.0
    Transmission time: 0.0

  Switch name: switch8
    Max packet size: 0.0
    Port speed: 125.0
    Time to Travel: 1.0
    Transmission time: 0.0

  Switch name: switch9
    Max packet size: 0.0
    Port speed: 125.0
    Time to Travel: 1.0
    Transmission time: 0.0


FLOW LIST:
  Flow name: flow0
    Start first t1: 13
    Start HC: 1000.0
    Start packet periodicity: 2000
    Flow type: Multicast
    List of leaves: 
dev15, 
dev16, 
dev17, 
dev18, 
dev19, 

    Path to dev15: 
dev29, 
switch5(flow0Fragment1), 
switch0(flow0Fragment2), 
switch3(flow0Fragment3), 
dev15, 

    Path to dev16: 
dev29, 
switch5(flow0Fragment1), 
switch0(flow0Fragment2), 
switch3(flow0Fragment4), 
dev16, 

    Path to dev17: 
dev29, 
switch5(flow0Fragment1), 
switch0(flow0Fragment2), 
switch3(flow0Fragment5), 
dev17, 

    Path to dev18: 
dev29, 
switch5(flow0Fragment1), 
switch0(flow0Fragment2), 
switch3(flow0Fragment6), 
dev18, 

    Path to dev19: 
dev29, 
switch5(flow0Fragment1), 
switch0(flow0Fragment2), 
switch3(flow0Fragment7), 
dev19, 


    Fragment name: flow0Fragment1
        Fragment node: switch5
        Fragment next hop: switch0
        Fragment priority: 6
        Fragment slot start 0: 13.998 ; 6999/500
        Fragment slot duration 0 : 13.002 ; 6501/500
        Fragment times-
          (0) Fragment departure time: 13.0
          (0) Fragment arrival time: 14.0
          (0) Fragment scheduled time: 27.0
          ----------------------------
    Fragment name: flow0Fragment2
        Fragment node: switch0
        Fragment next hop: switch3
        Fragment priority: 1
        Fragment slot start 0: 27.998 ; 13999/500
        Fragment slot duration 0 : 13.002 ; 6501/500
        Fragment times-
          (0) Fragment departure time: 27.0
          (0) Fragment arrival time: 28.0
          (0) Fragment scheduled time: 41.0
          ----------------------------
    Fragment name: flow0Fragment3
        Fragment node: switch3
        Fragment next hop: dev15
        Fragment priority: 1
        Fragment slot start 0: 42.018 ; 21009/500
        Fragment slot duration 0 : 13.0 ; 13
        Fragment times-
          (0) Fragment departure time: 41.0
          (0) Fragment arrival time: 42.0
          (0) Fragment scheduled time: 55.018
          ----------------------------
    Fragment name: flow0Fragment4
        Fragment node: switch3
        Fragment next hop: dev16
        Fragment priority: 1
        Fragment slot start 0: 42.002 ; 21001/500
        Fragment slot duration 0 : 13.0 ; 13
        Fragment times-
          (0) Fragment departure time: 41.0
          (0) Fragment arrival time: 42.0
          (0) Fragment scheduled time: 55.002
          ----------------------------
    Fragment name: flow0Fragment5
        Fragment node: switch3
        Fragment next hop: dev17
        Fragment priority: 1
        Fragment slot start 0: 41.998 ; 20999/500
        Fragment slot duration 0 : 13.002 ; 6501/500
        Fragment times-
          (0) Fragment departure time: 41.0
          (0) Fragment arrival time: 42.0
          (0) Fragment scheduled time: 55.0
          ----------------------------
    Fragment name: flow0Fragment6
        Fragment node: switch3
        Fragment next hop: dev18
        Fragment priority: 1
        Fragment slot start 0: 41.998 ; 20999/500
        Fragment slot duration 0 : 13.002 ; 6501/500
        Fragment times-
          (0) Fragment departure time: 41.0
          (0) Fragment arrival time: 42.0
          (0) Fragment scheduled time: 55.0
          ----------------------------
    Fragment name: flow0Fragment7
        Fragment node: switch3
        Fragment next hop: dev19
        Fragment priority: 1
        Fragment slot start 0: 41.998 ; 20999/500
        Fragment slot duration 0 : 13.002 ; 6501/500
        Fragment times-
          (0) Fragment departure time: 41.0
          (0) Fragment arrival time: 42.0
          (0) Fragment scheduled time: 55.0
          ----------------------------

  Flow name: flow1
    Start first t1: 13
    Start HC: 1000.0
    Start packet periodicity: 2000
    Flow type: Multicast
    List of leaves: 
dev5, 
dev6, 
dev7, 
dev8, 
dev9, 

    Path to dev5: 
dev38, 
switch7(flow1Fragment1), 
switch0(flow1Fragment2), 
switch1(flow1Fragment3), 
dev5, 

    Path to dev6: 
dev38, 
switch7(flow1Fragment1), 
switch0(flow1Fragment2), 
switch1(flow1Fragment4), 
dev6, 

    Path to dev7: 
dev38, 
switch7(flow1Fragment1), 
switch0(flow1Fragment2), 
switch1(flow1Fragment5), 
dev7, 

    Path to dev8: 
dev38, 
switch7(flow1Fragment1), 
switch0(flow1Fragment2), 
switch1(flow1Fragment6), 
dev8, 

    Path to dev9: 
dev38, 
switch7(flow1Fragment1), 
switch0(flow1Fragment2), 
switch1(flow1Fragment7), 
dev9, 


    Fragment name: flow1Fragment1
        Fragment node: switch7
        Fragment next hop: switch0
        Fragment priority: 1
        Fragment slot start 0: 13.998 ; 6999/500
        Fragment slot duration 0 : 13.002 ; 6501/500
        Fragment times-
          (0) Fragment departure time: 13.0
          (0) Fragment arrival time: 14.0
          (0) Fragment scheduled time: 27.0
          ----------------------------
    Fragment name: flow1Fragment2
        Fragment node: switch0
        Fragment next hop: switch1
        Fragment priority: 1
        Fragment slot start 0: 27.998 ; 13999/500
        Fragment slot duration 0 : 13.002 ; 6501/500
        Fragment times-
          (0) Fragment departure time: 27.0
          (0) Fragment arrival time: 28.0
          (0) Fragment scheduled time: 41.0
          ----------------------------
    Fragment name: flow1Fragment3
        Fragment node: switch1
        Fragment next hop: dev5
        Fragment priority: 1
        Fragment slot start 0: 41.998 ; 20999/500
        Fragment slot duration 0 : 13.002 ; 6501/500
        Fragment times-
          (0) Fragment departure time: 41.0
          (0) Fragment arrival time: 42.0
          (0) Fragment scheduled time: 55.0
          ----------------------------
    Fragment name: flow1Fragment4
        Fragment node: switch1
        Fragment next hop: dev6
        Fragment priority: 2
        Fragment slot start 0: 41.998 ; 20999/500
        Fragment slot duration 0 : 13.002 ; 6501/500
        Fragment times-
          (0) Fragment departure time: 41.0
          (0) Fragment arrival time: 42.0
          (0) Fragment scheduled time: 55.0
          ----------------------------
    Fragment name: flow1Fragment5
        Fragment node: switch1
        Fragment next hop: dev7
        Fragment priority: 1
        Fragment slot start 0: 42.002 ; 21001/500
        Fragment slot duration 0 : 13.0 ; 13
        Fragment times-
          (0) Fragment departure time: 41.0
          (0) Fragment arrival time: 42.0
          (0) Fragment scheduled time: 55.002
          ----------------------------
    Fragment name: flow1Fragment6
        Fragment node: switch1
        Fragment next hop: dev8
        Fragment priority: 1
        Fragment slot start 0: 42.01 ; 4201/100
        Fragment slot duration 0 : 13.0 ; 13
        Fragment times-
          (0) Fragment departure time: 41.0
          (0) Fragment arrival time: 42.0
          (0) Fragment scheduled time: 55.01
          ----------------------------
    Fragment name: flow1Fragment7
        Fragment node: switch1
        Fragment next hop: dev9
        Fragment priority: 1
        Fragment slot start 0: 42.002 ; 21001/500
        Fragment slot duration 0 : 13.0 ; 13
        Fragment times-
          (0) Fragment departure time: 41.0
          (0) Fragment arrival time: 42.0
          (0) Fragment scheduled time: 55.002
          ----------------------------

  Flow name: flow2
    Start first t1: 13
    Start HC: 1000.0
    Start packet periodicity: 2000
    Flow type: Multicast
    List of leaves: 
dev30, 
dev31, 
dev32, 
dev33, 
dev34, 

    Path to dev30: 
dev24, 
switch4(flow2Fragment1), 
switch2(flow2Fragment2), 
switch6(flow2Fragment3), 
dev30, 

    Path to dev31: 
dev24, 
switch4(flow2Fragment1), 
switch2(flow2Fragment2), 
switch6(flow2Fragment4), 
dev31, 

    Path to dev32: 
dev24, 
switch4(flow2Fragment1), 
switch2(flow2Fragment2), 
switch6(flow2Fragment5), 
dev32, 

    Path to dev33: 
dev24, 
switch4(flow2Fragment1), 
switch2(flow2Fragment2), 
switch6(flow2Fragment6), 
dev33, 

    Path to dev34: 
dev24, 
switch4(flow2Fragment1), 
switch2(flow2Fragment2), 
switch6(flow2Fragment7), 
dev34, 


    Fragment name: flow2Fragment1
        Fragment node: switch4
        Fragment next hop: switch2
        Fragment priority: 4
        Fragment slot start 0: 13.998 ; 6999/500
        Fragment slot duration 0 : 13.002 ; 6501/500
        Fragment times-
          (0) Fragment departure time: 13.0
          (0) Fragment arrival time: 14.0
          (0) Fragment scheduled time: 27.0
          ----------------------------
    Fragment name: flow2Fragment2
        Fragment node: switch2
        Fragment next hop: switch6
        Fragment priority: 1
        Fragment slot start 0: 28.002 ; 14001/500
        Fragment slot duration 0 : 13.0 ; 13
        Fragment times-
          (0) Fragment departure time: 27.0
          (0) Fragment arrival time: 28.0
          (0) Fragment scheduled time: 41.002
          ----------------------------
    Fragment name: flow2Fragment3
        Fragment node: switch6
        Fragment next hop: dev30
        Fragment priority: 1
        Fragment slot start 0: 42.0 ; 42
        Fragment slot duration 0 : 13.002 ; 6501/500
        Fragment times-
          (0) Fragment departure time: 41.002
          (0) Fragment arrival time: 42.002
          (0) Fragment scheduled time: 55.002
          ----------------------------
    Fragment name: flow2Fragment4
        Fragment node: switch6
        Fragment next hop: dev31
        Fragment priority: 1
        Fragment slot start 0: 42.0 ; 42
        Fragment slot duration 0 : 13.002 ; 6501/500
        Fragment times-
          (0) Fragment departure time: 41.002
          (0) Fragment arrival time: 42.002
          (0) Fragment scheduled time: 55.002
          ----------------------------
    Fragment name: flow2Fragment5
        Fragment node: switch6
        Fragment next hop: dev32
        Fragment priority: 0
        Fragment slot start 0: 42.0 ; 42
        Fragment slot duration 0 : 13.002 ; 6501/500
        Fragment times-
          (0) Fragment departure time: 41.002
          (0) Fragment arrival time: 42.002
          (0) Fragment scheduled time: 55.002
          ----------------------------
    Fragment name: flow2Fragment6
        Fragment node: switch6
        Fragment next hop: dev33
        Fragment priority: 1
        Fragment slot start 0: 42.0 ; 42
        Fragment slot duration 0 : 13.002 ; 6501/500
        Fragment times-
          (0) Fragment departure time: 41.002
          (0) Fragment arrival time: 42.002
          (0) Fragment scheduled time: 55.002
          ----------------------------
    Fragment name: flow2Fragment7
        Fragment node: switch6
        Fragment next hop: dev34
        Fragment priority: 1
        Fragment slot start 0: 42.0 ; 42
        Fragment slot duration 0 : 13.002 ; 6501/500
        Fragment times-
          (0) Fragment departure time: 41.002
          (0) Fragment arrival time: 42.002
          (0) Fragment scheduled time: 55.002
          ----------------------------

